0 cpu gloo 5.351136088371277
1 cpu gloo 5.942959904670715
2 cpu gloo 6.434159994125366
3 cpu gloo 39.20216083526611
4 cpu gloo 66.2093620300293
5 cpu gloo 312.4001159667969
6 cpu gloo 695.0012512207031
0 cuda gloo 0.6710399985313416
1 cuda gloo 1.1645919680595398
2 cuda gloo 6.367552042007446
3 cuda gloo 30.042479515075684
4 cuda gloo 60.0162239074707
5 cuda gloo 302.7184753417969
6 cuda gloo 684.2425231933594
0 cuda nccl 0.06854400038719177
1 cuda nccl 0.09801600128412247
2 cuda nccl 0.5936639904975891
3 cuda nccl 2.769327998161316
4 cuda nccl 5.4715681076049805
5 cuda nccl 26.102864265441895
6 cuda nccl 55.56443214416504
0 cpu gloo 55.87145447731018
1 cpu gloo 56.35366562008858
2 cpu gloo 62.24600028991699
3 cpu gloo 94.93971824645996
4 cpu gloo 154.96141624450684
5 cpu gloo 487.8981399536133
6 cpu gloo 967.8434448242188
0 cuda gloo 1.4594799876213074
1 cuda gloo 2.8929519653320312
2 cuda gloo 8.904200077056885
3 cuda gloo 42.86527919769287
4 cuda gloo 89.20307922363281
5 cuda gloo 533.8916778564453
6 cuda gloo 
0 cuda nccl 0.07804800011217594
1 cuda nccl 0.09479999914765358
2 cuda nccl 0.4700080081820488
3 cuda nccl 1.9929440021514893
4 cuda nccl 3.723375976085663
5 cuda nccl 12.218183994293213
6 cuda nccl 26.487735748291016
0 cpu gloo 81.1369599501292
1 cpu gloo 75.09017010529836
2 cpu gloo 78.74969673156738
3 cpu gloo 147.96431922912598
4 cpu gloo 169.80074310302734
5 cpu gloo 710.4478047688802
6 cpu gloo 1132.8467712402344
0 cuda gloo 2.43667733669281
1 cuda gloo 3.35152534643809
2 cuda gloo 10.80568011601766
3 cuda gloo 50.541738510131836
4 cuda gloo 103.95620854695638
5 cuda gloo 573.9826253255209
6 cuda gloo 
0 cuda nccl 0.08767999957005183
1 cuda nccl 0.10385066643357277
2 cuda nccl 0.3339039981365204
3 cuda nccl 1.8725653290748596
4 cuda nccl 3.042687972386678
5 cuda nccl 8.46126413345337
6 cuda nccl 18.08286952972412
3 gpu nccl 